<testsuites>
  <testsuite name="t5-back.Tests.dll" tests="254" skipped="0" failures="0" errors="0" time="38.94077989999999" timestamp="2026-01-14T08:18:41" hostname="PC_AMINE" id="0" package="t5-back.Tests.dll">
    <properties />
    <testcase classname="t5_back.Tests.Services.JwtServiceTests" name="GenerateToken_ValidInput_ReturnsValidJwtFormat" time="2.7784833" />
    <testcase classname="t5_back.Tests.Services.JwtServiceTests" name="GenerateToken_ExtractUserId_ReturnsCorrectValue" time="0.0440375" />
    <testcase classname="t5_back.Tests.Services.JwtServiceTests" name="GenerateToken_TokenCanBeValidated" time="0.0282083" />
    <testcase classname="t5_back.Tests.Services.JwtServiceTests" name="GenerateToken_ValidInput_ReturnsNonEmptyToken" time="0.0007147" />
    <testcase classname="t5_back.Tests.Services.JwtServiceTests" name="GenerateToken_DifferentUsers_GenerateDifferentTokens" time="0.0066639" />
    <testcase classname="t5_back.Tests.Services.JwtServiceTests" name="GenerateToken_ValidInput_TokenHasCorrectIssuerAndAudience" time="0.0032260" />
    <testcase classname="t5_back.Tests.Services.JwtServiceTests" name="GenerateToken_ValidInput_TokenExpiresInTwoHours" time="0.0017931" />
    <testcase classname="t5_back.Tests.Services.JwtServiceTests" name="GenerateToken_ExtractUsername_ReturnsCorrectValue" time="0.0015459" />
    <testcase classname="t5_back.Tests.Services.JwtServiceTests" name="GenerateToken_ValidInput_TokenContainsCorrectClaims" time="0.0022769" />
    <testcase classname="t5_back.Tests.Services.JwtServiceTests" name="GenerateToken_SameUser_DifferentTimes_GeneratesDifferentTokens" time="0.0230940" />
    <testcase classname="t5_back.Tests.Services.EquipmentServiceTests" name="DeleteAsync_NonExistingEquipment_ReturnsFalse" time="2.0996122" />
    <testcase classname="t5_back.Tests.Services.PathServiceTests" name="DeleteAllAsync_EmptyDatabase_ReturnsZero" time="3.6983956" />
    <testcase classname="t5_back.Tests.Services.AreaServiceTests" name="DeleteAllAsync_EmptyDatabase_ReturnsZero" time="3.6984213" />
    <testcase classname="t5_back.Tests.Services.TeamEmployeeServiceTests" name="GetAllAsync_EmptyDatabase_ReturnsEmptyList" time="3.0193416" />
    <testcase classname="t5_back.Tests.Services.AreaServiceTests" name="GetAllAsync_EmptyDatabase_ReturnsEmptyList" time="0.1398685" />
    <testcase classname="t5_back.Tests.Services.AreaServiceTests" name="UpdateAsync_NonExistingArea_ReturnsNull" time="0.0202865" />
    <testcase classname="t5_back.Tests.Services.EventServiceTests" name="DeleteAsync_ExistingEvent_ReturnsTrueAndDeletes" time="3.8806164" />
    <testcase classname="t5_back.Tests.Services.EventServiceTests" name="GetAllAsync_EmptyDatabase_ReturnsEmptyList" time="0.0167717" />
    <testcase classname="t5_back.Tests.Services.PictureServiceTests" name="TransferFromPointToSecurityZoneAsync_UpdatesExistingPictures" time="1.0102209" />
    <testcase classname="t5_back.Tests.Services.AreaServiceTests" name="UpdateAsync_ExistingArea_UpdatesAllFields" time="0.0528196" />
    <testcase classname="t5_back.Tests.Services.PathServiceTests" name="GetAllAsync_WithPaths_ReturnsAllPaths" time="0.2145631" />
    <testcase classname="t5_back.Tests.Services.EquipmentServiceTests" name="CreateAsync_WithAllStorageTypes_CreatesSuccessfully" time="0.2320609" />
    <testcase classname="t5_back.Tests.Services.EventServiceTests" name="DeleteAllAsync_WithEvents_DeletesAllAndReturnsCount" time="0.0168174" />
    <testcase classname="t5_back.Tests.Services.PathServiceTests" name="CreateAsync_ValidPath_ReturnsCreatedPath" time="0.0135111" />
    <testcase classname="t5_back.Tests.Services.PictureServiceTests" name="GetByPointIdAsync_ReturnsPicturesForPoint" time="0.0160591" />
    <testcase classname="t5_back.Tests.Services.EventServiceTests" name="UpdateAsync_ExistingEvent_UpdatesAllFields" time="0.0140764" />
    <testcase classname="t5_back.Tests.Services.AreaServiceTests" name="DeleteAsync_ExistingArea_ReturnsTrueAndDeletes" time="0.0176780" />
    <testcase classname="t5_back.Tests.Services.EquipmentServiceTests" name="CreateAsync_ValidEquipment_ReturnsCreatedEquipment" time="0.0301760" />
    <testcase classname="t5_back.Tests.Services.AreaServiceTests" name="GetAllAsync_WithAreas_ReturnsAllAreas" time="0.0151685" />
    <testcase classname="t5_back.Tests.Services.EquipmentServiceTests" name="CreateAsync_WithNullStorageType_CreatesSuccessfully" time="0.0041550" />
    <testcase classname="t5_back.Tests.Services.AreaServiceTests" name="CreateAsync_ValidArea_ReturnsCreatedArea" time="0.0039008" />
    <testcase classname="t5_back.Tests.Services.EquipmentServiceTests" name="CreateAsync_WithEmptyGuid_GeneratesNewGuid" time="0.0018998" />
    <testcase classname="t5_back.Tests.Services.PathServiceTests" name="GetByIdAsync_NonExistingId_ReturnsNull" time="0.0262451" />
    <testcase classname="t5_back.Tests.Services.EventServiceTests" name="GetByIdAsync_ExistingId_ReturnsEvent" time="0.0291298" />
    <testcase classname="t5_back.Tests.Services.PointServiceTests" name="DeleteAsync_ExistingPoint_ReturnsTrueAndDeletes" time="3.9584898" />
    <testcase classname="t5_back.Tests.Services.PointServiceTests" name="DeleteAsync_NonExistingPoint_ReturnsFalse" time="0.0019477" />
    <testcase classname="t5_back.Tests.Services.EquipmentServiceTests" name="UpdateAsync_NonExistingEquipment_ReturnsNull" time="0.0101710" />
    <testcase classname="t5_back.Tests.Services.PictureServiceTests" name="GetByIdAsync_ExistingId_ReturnsPicture" time="0.0365773" />
    <testcase classname="t5_back.Tests.Services.EventServiceTests" name="CreateAsync_AllEventStatuses_CreatesSuccessfully" time="0.0067815" />
    <testcase classname="t5_back.Tests.Services.PictureServiceTests" name="GetByPointIdAsync_NoPicturesForPoint_ReturnsEmpty" time="0.0019147" />
    <testcase classname="t5_back.Tests.Services.AreaServiceTests" name="GetByIdAsync_ExistingId_ReturnsArea" time="0.0187317" />
    <testcase classname="t5_back.Tests.Services.PointServiceTests" name="CreateAsync_ValidCoordinates_CreatesSuccessfully(latitude: 48,8566017, longitude: 2,35220003)" time="0.0100738" />
    <testcase classname="t5_back.Tests.Services.PathServiceTests" name="DeleteAsync_ExistingPath_ReturnsTrueAndDeletes" time="0.0195506" />
    <testcase classname="t5_back.Tests.Services.PointServiceTests" name="CreateAsync_ValidCoordinates_CreatesSuccessfully(latitude: 90, longitude: 180)" time="0.0024454" />
    <testcase classname="t5_back.Tests.Services.AreaServiceTests" name="CreateAsync_WithEmptyGuid_GeneratesNewGuid" time="0.0036085" />
    <testcase classname="t5_back.Tests.Services.EventServiceTests" name="CreateAsync_WithProvidedId_UsesProvidedId" time="0.0094220" />
    <testcase classname="t5_back.Tests.Services.PointServiceTests" name="CreateAsync_ValidCoordinates_CreatesSuccessfully(latitude: -33,8688011, longitude: 151,209305)" time="0.0013915" />
    <testcase classname="t5_back.Tests.Services.PathServiceTests" name="CreateAsync_WithEmptyGuid_GeneratesNewGuid" time="0.0021081" />
    <testcase classname="t5_back.Tests.Services.EquipmentServiceTests" name="GetAllAsync_WithEquipments_ReturnsAllEquipments" time="0.0148697" />
    <testcase classname="t5_back.Tests.Services.AreaServiceTests" name="CreateAsync_ValidatesColorHexFormat" time="0.0024052" />
    <testcase classname="t5_back.Tests.Services.PointServiceTests" name="CreateAsync_ValidCoordinates_CreatesSuccessfully(latitude: 0, longitude: 0)" time="0.0009671" />
    <testcase classname="t5_back.Tests.Services.EventServiceTests" name="CreateAsync_ValidEvent_ReturnsCreatedEvent" time="0.0022225" />
    <testcase classname="t5_back.Tests.Services.PointServiceTests" name="CreateAsync_ValidCoordinates_CreatesSuccessfully(latitude: -90, longitude: -180)" time="0.0012110" />
    <testcase classname="t5_back.Tests.Services.EquipmentServiceTests" name="UpdateAsync_ExistingEquipment_UpdatesAllFields" time="0.0023365" />
    <testcase classname="t5_back.Tests.Services.AreaServiceTests" name="DeleteAsync_NonExistingArea_ReturnsFalse" time="0.0017551" />
    <testcase classname="t5_back.Tests.Services.PathServiceTests" name="GetByIdAsync_ExistingId_ReturnsPath" time="0.0026853" />
    <testcase classname="t5_back.Tests.Services.EventServiceTests" name="DeleteAsync_NonExistingEvent_ReturnsFalse" time="0.0023235" />
    <testcase classname="t5_back.Tests.Services.PathServiceTests" name="DeleteAsync_NonExistingPath_ReturnsFalse" time="0.0013773" />
    <testcase classname="t5_back.Tests.Services.PointServiceTests" name="CreateAsync_WithEmptyGuid_GeneratesNewGuid" time="0.0023389" />
    <testcase classname="t5_back.Tests.Services.EventServiceTests" name="UpdateAsync_NonExistingEvent_ReturnsNull" time="0.0020050" />
    <testcase classname="t5_back.Tests.Services.PictureServiceTests" name="UpdateAsync_NonExistingPicture_ReturnsNull" time="0.0165850" />
    <testcase classname="t5_back.Tests.Services.EventServiceTests" name="GetByIdAsync_NonExistingId_ReturnsNull" time="0.0027111" />
    <testcase classname="t5_back.Tests.Services.PathServiceTests" name="UpdateAsync_ExistingPath_UpdatesAllFields" time="0.0077625" />
    <testcase classname="t5_back.Tests.Services.PathServiceTests" name="UpdateAsync_NonExistingPath_ReturnsNull" time="0.0030350" />
    <testcase classname="t5_back.Tests.Services.EventServiceTests" name="GetAllAsync_WithEvents_ReturnsAllEvents" time="0.0071036" />
    <testcase classname="t5_back.Tests.Services.EquipmentServiceTests" name="GetByIdAsync_ExistingId_ReturnsEquipment" time="0.0157932" />
    <testcase classname="t5_back.Tests.Services.AreaServiceTests" name="DeleteAllAsync_WithAreas_DeletesAllAndReturnsCount" time="0.0158108" />
    <testcase classname="t5_back.Tests.Services.EventServiceTests" name="DeleteAllAsync_EmptyDatabase_ReturnsZero" time="0.0019632" />
    <testcase classname="t5_back.Tests.Services.PathServiceTests" name="CreateAsync_WithComplexGeoJson_StoresCorrectly" time="0.0034475" />
    <testcase classname="t5_back.Tests.Services.AreaServiceTests" name="GetByIdAsync_NonExistingId_ReturnsNull" time="0.0015816" />
    <testcase classname="t5_back.Tests.Services.EquipmentServiceTests" name="GetAllAsync_EmptyDatabase_ReturnsEmptyList" time="0.0016354" />
    <testcase classname="t5_back.Tests.Services.PathServiceTests" name="CreateAsync_WithProvidedGuid_UsesProvidedGuid" time="0.0027887" />
    <testcase classname="t5_back.Tests.Services.EquipmentServiceTests" name="DeleteAllAsync_EmptyDatabase_ReturnsZero" time="0.0028643" />
    <testcase classname="t5_back.Tests.Services.PathServiceTests" name="GetAllAsync_EmptyDatabase_ReturnsEmptyList" time="0.0018209" />
    <testcase classname="t5_back.Tests.Services.PictureServiceTests" name="DeleteAllAsync_WithPictures_DeletesAllAndReturnsCount" time="0.0164565" />
    <testcase classname="t5_back.Tests.Services.PictureServiceTests" name="DeleteAsync_NonExistingPicture_ReturnsFalse" time="0.0052826" />
    <testcase classname="t5_back.Tests.Services.PathServiceTests" name="UpdateAsync_CanChangeEvent" time="0.0070467" />
    <testcase classname="t5_back.Tests.Services.AreaServiceTests" name="GetByEventIdAsync_NoAreasForEvent_ReturnsEmpty" time="0.0144331" />
    <testcase classname="t5_back.Tests.Services.PictureServiceTests" name="GetAllAsync_EmptyDatabase_ReturnsEmptyList" time="0.0054015" />
    <testcase classname="t5_back.Tests.Services.EquipmentServiceTests" name="DeleteAllAsync_WithEquipments_DeletesAllAndReturnsCount" time="0.0134424" />
    <testcase classname="t5_back.Tests.Services.AreaServiceTests" name="GetByEventIdAsync_ReturnsAreasForEvent" time="0.0154508" />
    <testcase classname="t5_back.Tests.Services.PictureServiceTests" name="DeleteAsync_ExistingPicture_ReturnsTrueAndDeletes" time="0.0188766" />
    <testcase classname="t5_back.Tests.Services.AreaServiceTests" name="CreateAsync_WithProvidedGuid_UsesProvidedGuid" time="0.0034921" />
    <testcase classname="t5_back.Tests.Services.PictureServiceTests" name="CreateAsync_WithProvidedGuid_UsesProvidedGuid" time="0.0035236" />
    <testcase classname="t5_back.Tests.Services.PathServiceTests" name="GetByEventIdAsync_NoPathsForEvent_ReturnsEmpty" time="0.0263867" />
    <testcase classname="t5_back.Tests.Services.EquipmentServiceTests" name="DeleteAsync_ExistingEquipment_ReturnsTrueAndDeletes" time="0.0276614" />
    <testcase classname="t5_back.Tests.Services.EquipmentServiceTests" name="UpdateAsync_PartialUpdate_UpdatesOnlyProvidedFields" time="0.0023688" />
    <testcase classname="t5_back.Tests.Services.PathServiceTests" name="DeleteAllAsync_WithPaths_DeletesAllAndReturnsCount" time="0.0111351" />
    <testcase classname="t5_back.Tests.Services.EquipmentServiceTests" name="GetByIdAsync_NonExistingId_ReturnsNull" time="0.0015035" />
    <testcase classname="t5_back.Tests.Services.PathServiceTests" name="GetByEventIdAsync_ReturnsPathsForEvent" time="0.0044688" />
    <testcase classname="t5_back.Tests.Services.TeamEmployeeServiceTests" name="GetByEmployeeIdAsync_ReturnsTeamsForEmployee" time="0.2221231" />
    <testcase classname="t5_back.Tests.Services.EmployeeServiceTests" name="CreateAsync_WithProvidedId_UsesProvidedId" time="0.0045335" />
    <testcase classname="t5_back.Tests.Services.PictureServiceTests" name="GetBySecurityZoneIdAsync_NoPicturesForSecurityZone_ReturnsEmpty" time="0.0205252" />
    <testcase classname="t5_back.Tests.Services.PictureServiceTests" name="UpdateAsync_ExistingPicture_UpdatesPictureData" time="0.0036078" />
    <testcase classname="t5_back.Tests.Services.TeamServiceTests" name="CreateAsync_WithEmptyGuid_GeneratesNewGuid" time="0.0084273" />
    <testcase classname="t5_back.Tests.Services.PictureServiceTests" name="GetBySecurityZoneIdAsync_ReturnsPicturesForSecurityZone" time="0.0054401" />
    <testcase classname="t5_back.Tests.Services.PictureServiceTests" name="CreateAsync_ValidPicture_ReturnsCreatedPicture" time="0.0032800" />
    <testcase classname="t5_back.Tests.Services.PointServiceTests" name="GetByEventIdAsync_ReturnsPointsForEvent" time="0.0910401" />
    <testcase classname="t5_back.Tests.Services.PictureServiceTests" name="TransferFromPointToSecurityZoneAsync_NoPicturesForPoint_ReturnsZero" time="0.0043727" />
    <testcase classname="t5_back.Tests.Services.EmployeeServiceTests" name="UpdateAsync_NonExistingEmployee_ReturnsNull" time="0.0286391" />
    <testcase classname="t5_back.Tests.Services.TeamEmployeeServiceTests" name="DeleteAsync_ExistingTeamEmployee_ReturnsTrueAndDeletes" time="0.0312088" />
    <testcase classname="t5_back.Tests.Services.TeamServiceTests" name="DeleteAllAsync_WithTeams_DeletesAllAndReturnsCount" time="0.0233271" />
    <testcase classname="t5_back.Tests.Services.PointServiceTests" name="CreateAsync_WithProvidedGuid_UsesProvidedGuid" time="0.0173100" />
    <testcase classname="t5_back.Tests.Services.PointServiceTests" name="CreateAsync_ValidPoint_ReturnsCreatedPoint" time="0.0040004" />
    <testcase classname="t5_back.Tests.Services.PictureServiceTests" name="DeleteAllAsync_EmptyDatabase_ReturnsZero" time="0.0017449" />
    <testcase classname="t5_back.Tests.Services.PictureServiceTests" name="CreateAsync_WithEmptyGuid_GeneratesNewGuid" time="0.0018325" />
    <testcase classname="t5_back.Tests.Services.PictureServiceTests" name="GetAllAsync_WithPictures_ReturnsAllPictures" time="0.0144007" />
    <testcase classname="t5_back.Tests.Services.TeamServiceTests" name="CreateAsync_ValidTeam_ReturnsCreatedTeam" time="0.0299050" />
    <testcase classname="t5_back.Tests.Services.PictureServiceTests" name="GetByIdAsync_NonExistingId_ReturnsNull" time="0.0020415" />
    <testcase classname="t5_back.Tests.Services.PictureServiceTests" name="TransferFromPointToSecurityZoneAsync_TransfersPicturesAndReturnsCount" time="0.0037812" />
    <testcase classname="t5_back.Tests.Services.EmployeeServiceTests" name="DeleteAllAsync_WithEmployees_DeletesAllAndReturnsCount" time="0.0403065" />
    <testcase classname="t5_back.Tests.Services.PointServiceTests" name="GetAllAsync_IncludesEquipment" time="0.0451678" />
    <testcase classname="t5_back.Tests.Services.PointServiceTests" name="GetAllAsync_EmptyDatabase_ReturnsEmptyList" time="0.0036902" />
    <testcase classname="t5_back.Tests.Services.EmployeeServiceTests" name="GetByIdAsync_ExistingId_ReturnsEmployee" time="0.0254748" />
    <testcase classname="t5_back.Tests.Services.TeamEmployeeServiceTests" name="GetByTeamIdAsync_ReturnsEmployeesForTeam" time="0.0635139" />
    <testcase classname="t5_back.Tests.Services.EmployeeServiceTests" name="GetByIdAsync_NonExistingId_ReturnsNull" time="0.0016205" />
    <testcase classname="t5_back.Tests.Services.ActionServiceTests" name="UpdateAsync_NonExistingAction_ReturnsNull" time="0.1542483" />
    <testcase classname="t5_back.Tests.Services.EmployeeServiceTests" name="DeleteAsync_ExistingEmployee_ReturnsTrueAndDeletesEmployee" time="0.0037257" />
    <testcase classname="t5_back.Tests.Services.TeamServiceTests" name="GetByIdAsync_ExistingId_ReturnsTeam" time="0.0440329" />
    <testcase classname="t5_back.Tests.Services.TeamEmployeeServiceTests" name="GetAllAsync_WithTeamEmployees_ReturnsAllWithIncludes" time="0.0155627" />
    <testcase classname="t5_back.Tests.Services.TeamEmployeeServiceTests" name="DeleteAsync_NonExistingTeamEmployee_ReturnsFalse" time="0.0016875" />
    <testcase classname="t5_back.Tests.Services.EmployeeServiceTests" name="UpdateAsync_ExistingEmployee_UpdatesAndReturnsEmployee" time="0.0120195" />
    <testcase classname="t5_back.Tests.Services.EmployeeServiceTests" name="DeleteAsync_NonExistingEmployee_ReturnsFalse" time="0.0015414" />
    <testcase classname="t5_back.Tests.Services.TeamEmployeeServiceTests" name="GetByEmployeeIdAsync_NoTeamsForEmployee_ReturnsEmpty" time="0.0021712" />
    <testcase classname="t5_back.Tests.Services.TeamEmployeeServiceTests" name="GetByTeamIdAsync_NoEmployeesForTeam_ReturnsEmpty" time="0.0023764" />
    <testcase classname="t5_back.Tests.Services.EmployeeServiceTests" name="GetAllAsync_WithEmployees_ReturnsAllEmployees" time="0.0316169" />
    <testcase classname="t5_back.Tests.Services.PointServiceTests" name="GetByIdAsync_IncludesEquipment" time="0.0559132" />
    <testcase classname="t5_back.Tests.Services.EmployeeServiceTests" name="CreateAsync_WithEmptyId_GeneratesNewId" time="0.0030147" />
    <testcase classname="t5_back.Tests.Services.EmployeeServiceTests" name="DeleteAllAsync_EmptyDatabase_ReturnsZero" time="0.0019250" />
    <testcase classname="t5_back.Tests.Services.EmployeeServiceTests" name="GetAllAsync_EmptyDatabase_ReturnsEmptyList" time="0.0055238" />
    <testcase classname="t5_back.Tests.Services.TeamEmployeeServiceTests" name="DeleteAllAsync_WithTeamEmployees_DeletesAllAndReturnsCount" time="0.0423625" />
    <testcase classname="t5_back.Tests.Services.PointServiceTests" name="CreateAsync_WithEquipment_LinksEquipment" time="0.0109456" />
    <testcase classname="t5_back.Tests.Services.EmployeeServiceTests" name="CreateAsync_ValidEmployee_ReturnsCreatedEmployee" time="0.0046723" />
    <testcase classname="t5_back.Tests.Services.PointServiceTests" name="GetAllAsync_WithPoints_ReturnsAllPoints" time="0.0044359" />
    <testcase classname="t5_back.Tests.Services.PointServiceTests" name="DeleteAllAsync_WithPoints_DeletesAllAndReturnsCount" time="0.0299159" />
    <testcase classname="t5_back.Tests.Services.SecurityZoneServiceTests" name="CanAssignSameTeamToBoth_Success" time="0.2143505" />
    <testcase classname="t5_back.Tests.Services.PointServiceTests" name="GetByIdAsync_NonExistingId_ReturnsNull" time="0.0037748" />
    <testcase classname="t5_back.Tests.Services.PointServiceTests" name="DeleteAllAsync_EmptyDatabase_ReturnsZero" time="0.0020829" />
    <testcase classname="t5_back.Tests.Services.TeamEmployeeServiceTests" name="GetByIdAsync_ExistingCompositeKey_ReturnsTeamEmployee" time="0.0438252" />
    <testcase classname="t5_back.Tests.Services.PointServiceTests" name="GetByEventIdAsync_NoPointsForEvent_ReturnsEmpty" time="0.0035520" />
    <testcase classname="t5_back.Tests.Services.TeamEmployeeServiceTests" name="GetByIdAsync_NonExistingCompositeKey_ReturnsNull" time="0.0023551" />
    <testcase classname="t5_back.Tests.Services.TeamServiceTests" name="UpdateAsync_ChangingEvent_UpdatesSecurityZones" time="0.1021146" />
    <testcase classname="t5_back.Tests.Services.PointServiceTests" name="CreateAsync_DuplicateGuid_ThrowsException" time="0.0190962" />
    <testcase classname="t5_back.Tests.Services.PointServiceTests" name="UpdateAsync_NonExistingPoint_ReturnsNull" time="0.0033322" />
    <testcase classname="t5_back.Tests.Services.PointServiceTests" name="GetByIdAsync_ExistingId_ReturnsPoint" time="0.0040129" />
    <testcase classname="t5_back.Tests.Services.PointServiceTests" name="GetByEventIdAsync_ReturnsOrderedByOrder" time="0.0034659" />
    <testcase classname="t5_back.Tests.Services.SecurityZoneServiceTests" name="DeleteAllAsync_WithSecurityZones_DeletesAllAndReturnsCount" time="0.0439625" />
    <testcase classname="t5_back.Tests.Services.PointServiceTests" name="UpdateAsync_ExistingPoint_UpdatesAllFields" time="0.0067877" />
    <testcase classname="t5_back.Tests.Services.SecurityZoneServiceTests" name="UnassignInstallationTeamAsync_WithAssignedTeam_RemovesTeam" time="0.0072878" />
    <testcase classname="t5_back.Tests.Services.TeamEmployeeServiceTests" name="CreateAsync_MultipleEmployeesOnSameTeam_Success" time="0.0416211" />
    <testcase classname="t5_back.Tests.Services.TeamEmployeeServiceTests" name="DeleteAllAsync_EmptyDatabase_ReturnsZero" time="0.0020322" />
    <testcase classname="t5_back.Tests.Services.TeamEmployeeServiceTests" name="CreateAsync_ValidTeamEmployee_ReturnsCreated" time="0.0093840" />
    <testcase classname="t5_back.Tests.Services.SecurityZoneServiceTests" name="AssignRemovalTeamAsync_NonExistingZone_ReturnsNull" time="0.0167930" />
    <testcase classname="t5_back.Tests.Services.SecurityZoneServiceTests" name="UnassignRemovalTeamAsync_NonExistingZone_ReturnsNull" time="0.0037057" />
    <testcase classname="t5_back.Tests.Services.ActionServiceTests" name="GetByPlanningIdAsync_ReturnsOrderedByDate" time="0.1694970" />
    <testcase classname="t5_back.Tests.Services.TeamServiceTests" name="GetAllAsync_IncludesTeamEmployees" time="0.0584167" />
    <testcase classname="t5_back.Tests.Services.TeamServiceTests" name="UpdateAsync_ChangingEvent_UpdatesRemovalTeamInSecurityZones" time="0.0178811" />
    <testcase classname="t5_back.Tests.Services.TeamServiceTests" name="DeleteAllAsync_EmptyDatabase_ReturnsZero" time="0.0017423" />
    <testcase classname="t5_back.Tests.Services.PlanningServiceTests" name="GetItineraryAsync_ReturnsActionsOrderedByDate" time="0.2246263" />
    <testcase classname="t5_back.Tests.Services.PlanningServiceTests" name="GetItineraryAsync_OnlyReturnsActionsForSpecifiedPlanning" time="0.0129780" />
    <testcase classname="t5_back.Tests.Services.PlanningServiceTests" name="CreateAsync_UsesProvidedUUID_WhenNotEmpty" time="0.0051740" />
    <testcase classname="t5_back.Tests.Services.ActionServiceTests" name="GetBySecurityZoneIdAsync_IncludesPlanning" time="0.0580149" />
    <testcase classname="t5_back.Tests.Services.SecurityZoneServiceTests" name="GetAllAsync_EmptyDatabase_ReturnsEmptyList" time="0.0647033" />
    <testcase classname="t5_back.Tests.Services.PlanningServiceTests" name="DeleteAllAsync_ReturnsZero_WhenNoPlannings" time="0.0199987" />
    <testcase classname="t5_back.Tests.Services.TeamServiceTests" name="GetByEventIdAsync_NoTeamsForEvent_ReturnsEmpty" time="0.0529130" />
    <testcase classname="t5_back.Tests.Services.TeamServiceTests" name="GetAllAsync_EmptyDatabase_ReturnsEmptyList" time="0.0027070" />
    <testcase classname="t5_back.Tests.Services.TeamServiceTests" name="CreateAsync_WithProvidedGuid_UsesProvidedGuid" time="0.0115922" />
    <testcase classname="t5_back.Tests.Services.ActionServiceTests" name="GetAllAsync_EmptyDatabase_ReturnsEmptyList" time="0.0379382" />
    <testcase classname="t5_back.Tests.Services.PlanningServiceTests" name="DeleteAsync_ReturnsFalse_WhenPlanningNotExists" time="0.0279349" />
    <testcase classname="t5_back.Tests.Services.ActionServiceTests" name="DeleteAllAsync_EmptyDatabase_ReturnsZero" time="0.0115009" />
    <testcase classname="t5_back.Tests.Services.TeamServiceTests" name="UpdateAsync_NonExistingTeam_ReturnsNull" time="0.0178488" />
    <testcase classname="t5_back.Tests.Services.SecurityZoneServiceTests" name="CreateAsync_ValidSecurityZone_ReturnsCreatedZone" time="0.0496542" />
    <testcase classname="t5_back.Tests.Services.SecurityZoneServiceTests" name="AssignRemovalTeamAsync_ValidIds_AssignsTeam" time="0.0050032" />
    <testcase classname="t5_back.Tests.Services.ActionServiceTests" name="GetByPlanningIdAsync_ReturnsActionsForPlanning" time="0.0103404" />
    <testcase classname="t5_back.Tests.Services.SecurityZoneServiceTests" name="UnassignInstallationTeamAsync_NonExistingZone_ReturnsNull" time="0.0034560" />
    <testcase classname="t5_back.Tests.Services.TeamServiceTests" name="DeleteAsync_ExistingTeam_ReturnsTrueAndDeletes" time="0.0100112" />
    <testcase classname="t5_back.Tests.Services.TeamServiceTests" name="GetAllAsync_WithTeams_ReturnsAllTeams" time="0.0033846" />
    <testcase classname="t5_back.Tests.Services.PlanningServiceTests" name="GetAllAsync_ReturnsEmptyList_WhenNoPlanningsExist" time="0.0221967" />
    <testcase classname="t5_back.Tests.Services.SecurityZoneServiceTests" name="GetAllAsync_WithSecurityZones_ReturnsAllWithIncludes" time="0.0044646" />
    <testcase classname="t5_back.Tests.Services.TeamServiceTests" name="UpdateAsync_ExistingTeam_UpdatesTeamName" time="0.0033432" />
    <testcase classname="t5_back.Tests.Services.TeamServiceTests" name="GetByIdAsync_NonExistingId_ReturnsNull" time="0.0038811" />
    <testcase classname="t5_back.Tests.Services.PlanningServiceTests" name="GetAllAsync_ReturnsAllPlannings_WhenPlanningsExist" time="0.0081855" />
    <testcase classname="t5_back.Tests.Services.SecurityZoneServiceTests" name="GetByIdAsync_IncludesAllNavigationProperties" time="0.0076055" />
    <testcase classname="t5_back.Tests.Services.ActionServiceTests" name="CreateAsync_AllActionTypes_CreatesSuccessfully" time="0.0163513" />
    <testcase classname="t5_back.Tests.Services.TeamServiceTests" name="DeleteAsync_NonExistingTeam_ReturnsFalse" time="0.0061061" />
    <testcase classname="t5_back.Tests.Services.SecurityZoneServiceTests" name="DeleteAsync_ExistingSecurityZone_ReturnsTrueAndDeletes" time="0.0084078" />
    <testcase classname="t5_back.Tests.Services.SecurityZoneServiceTests" name="DeleteAsync_NonExistingSecurityZone_ReturnsFalse" time="0.0022723" />
    <testcase classname="t5_back.Tests.Services.ActionServiceTests" name="GetAllAsync_ReturnsOrderedByDate" time="0.0071429" />
    <testcase classname="t5_back.Tests.Services.PlanningServiceTests" name="UpdateAsync_ReturnsNull_WhenPlanningNotExists" time="0.0125996" />
    <testcase classname="t5_back.Tests.Services.SecurityZoneServiceTests" name="GetByIdAsync_NonExistingId_ReturnsNull" time="0.0022225" />
    <testcase classname="t5_back.Tests.Services.TeamServiceTests" name="GetByEventIdAsync_ReturnsTeamsForEvent" time="0.0081017" />
    <testcase classname="t5_back.Tests.Services.ActionServiceTests" name="CreateAsync_WithEmptyGuid_GeneratesNewGuid" time="0.0062410" />
    <testcase classname="t5_back.Tests.Services.PlanningServiceTests" name="CreateAsync_AddsPlanningToDatabase" time="0.0073285" />
    <testcase classname="t5_back.Tests.Services.SecurityZoneServiceTests" name="AssignInstallationTeamAsync_ValidIds_AssignsTeam" time="0.0068081" />
    <testcase classname="t5_back.Tests.Services.SecurityZoneServiceTests" name="GetByIdAsync_ExistingId_ReturnsSecurityZone" time="0.0034351" />
    <testcase classname="t5_back.Tests.Services.ActionServiceTests" name="GetAllAsync_WithActions_ReturnsAllActions" time="0.0057336" />
    <testcase classname="t5_back.Tests.Services.PlanningServiceTests" name="DeleteAllAsync_RemovesAllPlannings" time="0.0047780" />
    <testcase classname="t5_back.Tests.Services.ActionServiceTests" name="GetByPlanningIdAsync_NoActionsForPlanning_ReturnsEmpty" time="0.0076167" />
    <testcase classname="t5_back.Tests.Services.SecurityZoneServiceTests" name="UnassignRemovalTeamAsync_WithAssignedTeam_RemovesTeam" time="0.0097994" />
    <testcase classname="t5_back.Tests.Services.ActionServiceTests" name="DeleteAsync_NonExistingAction_ReturnsFalse" time="0.0071174" />
    <testcase classname="t5_back.Tests.Services.SecurityZoneServiceTests" name="CreateAsync_WithEmptyGuid_GeneratesNewGuid" time="0.0063803" />
    <testcase classname="t5_back.Tests.Services.ActionServiceTests" name="DeleteAllAsync_WithActions_DeletesAllAndReturnsCount" time="0.0128776" />
    <testcase classname="t5_back.Tests.Services.ActionServiceTests" name="DeleteAsync_ExistingAction_ReturnsTrueAndDeletes" time="0.0057844" />
    <testcase classname="t5_back.Tests.Services.PlanningServiceTests" name="GetByIdAsync_IncludesActions" time="0.0360178" />
    <testcase classname="t5_back.Tests.Services.ActionServiceTests" name="GetAllAsync_IncludesSecurityZone" time="0.0035730" />
    <testcase classname="t5_back.Tests.Services.PlanningServiceTests" name="GetAllAsync_IncludesActions" time="0.0029014" />
    <testcase classname="t5_back.Tests.Services.ActionServiceTests" name="CreateAsync_ValidAction_ReturnsCreatedAction" time="0.0054123" />
    <testcase classname="t5_back.Tests.Services.PlanningServiceTests" name="GetByIdAsync_ReturnsPlanning_WhenExists" time="0.0069165" />
    <testcase classname="t5_back.Tests.Services.PlanningServiceTests" name="GetItineraryAsync_ReturnsEmptyList_WhenNoActions" time="0.0070431" />
    <testcase classname="t5_back.Tests.Services.ActionServiceTests" name="GetBySecurityZoneIdAsync_ReturnsActionsForSecurityZone" time="0.0115484" />
    <testcase classname="t5_back.Tests.Services.PlanningServiceTests" name="GetByTeamIdAsync_ReturnsNull_WhenTeamNotExists" time="0.0261122" />
    <testcase classname="t5_back.Tests.Services.ActionServiceTests" name="UpdateAsync_ExistingAction_UpdatesAllFields" time="0.0261983" />
    <testcase classname="t5_back.Tests.Services.SecurityZoneServiceTests" name="GetByEventIdAsync_ReturnsSecurityZonesForEvent" time="0.0685265" />
    <testcase classname="t5_back.Tests.Services.PlanningServiceTests" name="GetItineraryAsync_IncludesSecurityZoneAndEquipment" time="0.0052219" />
    <testcase classname="t5_back.Tests.Services.SecurityZoneServiceTests" name="AssignInstallationTeamAsync_NonExistingZone_ReturnsNull" time="0.0017451" />
    <testcase classname="t5_back.Tests.Services.PlanningServiceTests" name="CreateAsync_GeneratesNewUUID_WhenEmpty" time="0.0029898" />
    <testcase classname="t5_back.Tests.Services.PlanningServiceTests" name="GetByTeamIdAsync_ReturnsNull_WhenTeamHasNoPlanning" time="0.0061234" />
    <testcase classname="t5_back.Tests.Services.PlanningServiceTests" name="GetByIdAsync_ReturnsNull_WhenNotExists" time="0.0022893" />
    <testcase classname="t5_back.Tests.Services.PlanningServiceTests" name="UpdateAsync_UpdatesTeamId" time="0.0046455" />
    <testcase classname="t5_back.Tests.Services.PlanningServiceTests" name="DeleteAsync_RemovesPlanningFromDatabase" time="0.0046603" />
    <testcase classname="t5_back.Tests.Services.ActionServiceTests" name="GetByIdAsync_NonExistingId_ReturnsNull" time="0.0351823" />
    <testcase classname="t5_back.Tests.Services.SecurityZoneServiceTests" name="UpdateAsync_ExistingSecurityZone_UpdatesAllFields" time="0.0389007" />
    <testcase classname="t5_back.Tests.Services.PlanningServiceTests" name="GetByTeamIdAsync_ReturnsPlanning_WhenExists" time="0.0205883" />
    <testcase classname="t5_back.Tests.Services.ActionServiceTests" name="GetByIdAsync_ExistingId_ReturnsAction" time="0.0123561" />
    <testcase classname="t5_back.Tests.Services.SecurityZoneServiceTests" name="CanAssignBothTeams_DifferentTeams_Success" time="0.0081061" />
    <testcase classname="t5_back.Tests.Services.SecurityZoneServiceTests" name="UpdateAsync_NonExistingSecurityZone_ReturnsNull" time="0.0020669" />
    <testcase classname="t5_back.Tests.Services.UserServiceTests" name="LoginAsync_CaseSensitivePassword_ReturnsFailure" time="4.9404576" />
    <testcase classname="t5_back.Tests.Services.UserServiceTests" name="GetByIdAsync_NonExistingId_ReturnsNull" time="0.0147021" />
    <testcase classname="t5_back.Tests.Services.UserServiceTests" name="LoginAsync_NonExistingUser_ReturnsFailure" time="0.0042471" />
    <testcase classname="t5_back.Tests.Services.UserServiceTests" name="UpdateAsync_ExistingUser_UpdatesName" time="0.7761492" />
    <testcase classname="t5_back.Tests.Services.UserServiceTests" name="DeleteAsync_ExistingUser_ReturnsTrueAndDeletes" time="0.0174110" />
    <testcase classname="t5_back.Tests.Services.UserServiceTests" name="LoginAsync_IncorrectPassword_ReturnsFailure" time="0.6400633" />
    <testcase classname="t5_back.Tests.Services.UserServiceTests" name="GetAllAsync_WithUsers_ReturnsAllUsers" time="0.0128644" />
    <testcase classname="t5_back.Tests.Services.UserServiceTests" name="LoginAsync_EmptyPassword_ReturnsFailure" time="0.3045450" />
    <testcase classname="t5_back.Tests.Services.UserServiceTests" name="LoginAsync_NullPassword_ReturnsFailure" time="0.3452318" />
    <testcase classname="t5_back.Tests.Services.UserServiceTests" name="CreateAsync_WithNullPassword_DoesNotHash" time="0.0060632" />
    <testcase classname="t5_back.Tests.Services.UserServiceTests" name="CreateAsync_ValidUser_ReturnsCreatedUser" time="0.3256554" />
    <testcase classname="t5_back.Tests.Services.UserServiceTests" name="DeleteAllAsync_EmptyDatabase_ReturnsZero" time="0.0040036" />
    <testcase classname="t5_back.Tests.Services.UserServiceTests" name="UpdateAsync_WithEmptyPassword_SetsPasswordToNull" time="0.3782889" />
    <testcase classname="t5_back.Tests.Services.UserServiceTests" name="LoginAsync_UserWithNullPassword_ReturnsFailure" time="0.0026494" />
    <testcase classname="t5_back.Tests.Services.UserServiceTests" name="DeleteAllAsync_WithUsers_DeletesAllAndReturnsCount" time="0.0203681" />
    <testcase classname="t5_back.Tests.Services.UserServiceTests" name="UpdateAsync_WithNewPassword_HashesNewPassword" time="0.9473753" />
    <testcase classname="t5_back.Tests.Services.UserServiceTests" name="CreateAsync_WithEmptyPassword_DoesNotHash" time="0.0034882" />
    <testcase classname="t5_back.Tests.Services.UserServiceTests" name="UpdateAsync_WithNullPassword_SetsPasswordToNull" time="0.4543405" />
    <testcase classname="t5_back.Tests.Services.UserServiceTests" name="LoginAsync_ValidCredentials_ReturnsSuccessWithToken" time="0.2700297" />
    <testcase classname="t5_back.Tests.Services.UserServiceTests" name="GetByIdAsync_ExistingId_ReturnsUser" time="0.0025864" />
    <testcase classname="t5_back.Tests.Services.UserServiceTests" name="GetAllAsync_EmptyDatabase_ReturnsEmptyList" time="0.0025602" />
    <testcase classname="t5_back.Tests.Services.UserServiceTests" name="DeleteAsync_NonExistingUser_ReturnsFalse" time="0.0024457" />
    <testcase classname="t5_back.Tests.Services.UserServiceTests" name="CreateAsync_WithProvidedGuid_UsesProvidedGuid" time="0.0034352" />
    <testcase classname="t5_back.Tests.Services.UserServiceTests" name="CreateAsync_WithPassword_HashesPassword" time="0.2690254" />
    <testcase classname="t5_back.Tests.Services.UserServiceTests" name="CreateAsync_DifferentPasswordsSameUser_ProducesDifferentHashes" time="0.2634646" />
    <testcase classname="t5_back.Tests.Services.UserServiceTests" name="UpdateAsync_NonExistingUser_ReturnsNull" time="0.0037865" />
    <testcase classname="t5_back.Tests.Services.UserServiceTests" name="CreateAsync_WithEmptyGuid_GeneratesNewGuid" time="0.0021511" />
    <testcase classname="t5_back.Tests.Services.UserServiceTests" name="LoginAsync_GeneratesTokenWithCorrectParameters" time="0.3042430" />
    <system-out>
Test Framework Informational Messages:
[xUnit.net 00:00:00.00] xUnit.net VSTest Adapter v3.1.4+50e68bbb8b (64-bit .NET 10.0.0)
[xUnit.net 00:00:01.27]   Discovering: t5-back.Tests
[xUnit.net 00:00:01.40]   Discovered:  t5-back.Tests
[xUnit.net 00:00:01.47]   Starting:    t5-back.Tests
[xUnit.net 00:00:11.87]   Finished:    t5-back.Tests
</system-out>
    <system-err></system-err>
  </testsuite>
</testsuites>